  pch.cpp
  AlphaTestEffect.cpp
  BasicEffect.cpp
  BasicPostProcess.cpp
  CommonStates.cpp
  DDSTextureLoader.cpp
  DebugEffect.cpp
  DGSLEffect.cpp
  DGSLEffectFactory.cpp
  DualPostProcess.cpp
  DualTextureEffect.cpp
  BinaryReader.cpp
  EffectCommon.cpp
  EffectFactory.cpp
  EnvironmentMapEffect.cpp
  GamePad.cpp
  GeometricPrimitive.cpp
  Geometry.cpp
  GraphicsMemory.cpp
  Keyboard.cpp
  Model.cpp
  Generating Code...
  Compiling...
  ModelLoadCMO.cpp
  ModelLoadSDKMESH.cpp
  ModelLoadVBO.cpp
  Mouse.cpp
  NormalMapEffect.cpp
  PBREffect.cpp
  PBREffectFactory.cpp
  ScreenGrab.cpp
  SimpleMath.cpp
  SkinnedEffect.cpp
  SpriteBatch.cpp
  PrimitiveBatch.cpp
  SpriteFont.cpp
  ToneMapPostProcess.cpp
  VertexTypes.cpp
  WICTextureLoader.cpp
  Generating Code...
  DirectXTK_Desktop_2019.vcxproj -> C:\Users\Henry Bergström\Downloads\DirectXTK-master\DirectXTK-master\Bin\Desktop_2019\x64\Debug\DirectXTK.lib
